This is pdfTeX, Version 3.14159265-2.6-1.40.21 (TeX Live 2020) (preloaded format=pdflatex 2021.7.26)  17 SEP 2021 21:32
entering extended mode
 restricted \write18 enabled.
 %&-line parsing enabled.
**getTable_sm.tex
(./getTable_sm.tex
LaTeX2e <2020-02-02> patch level 5
L3 programming layer <2020-04-06> (/usr/share/texlive/texmf-dist/tex/latex/base
/article.cls
Document Class: article 2019/12/20 v1.4l Standard LaTeX document class
(/usr/share/texlive/texmf-dist/tex/latex/base/size10.clo
File: size10.clo 2019/12/20 v1.4l Standard LaTeX file (size option)
)
\c@part=\count167
\c@section=\count168
\c@subsection=\count169
\c@subsubsection=\count170
\c@paragraph=\count171
\c@subparagraph=\count172
\c@figure=\count173
\c@table=\count174
\abovecaptionskip=\skip47
\belowcaptionskip=\skip48
\bibindent=\dimen134
) (/usr/share/texlive/texmf-dist/tex/latex/graphics/graphicx.sty
Package: graphicx 2019/11/30 v1.2a Enhanced LaTeX Graphics (DPC,SPQR)
(/usr/share/texlive/texmf-dist/tex/latex/graphics/keyval.sty
Package: keyval 2014/10/28 v1.15 key=value parser (DPC)
\KV@toks@=\toks15
) (/usr/share/texlive/texmf-dist/tex/latex/graphics/graphics.sty
Package: graphics 2019/11/30 v1.4a Standard LaTeX Graphics (DPC,SPQR)
(/usr/share/texlive/texmf-dist/tex/latex/graphics/trig.sty
Package: trig 2016/01/03 v1.10 sin cos tan (DPC)
) (/usr/share/texlive/texmf-dist/tex/latex/graphics-cfg/graphics.cfg
File: graphics.cfg 2016/06/04 v1.11 sample graphics configuration
)
Package graphics Info: Driver file: pdftex.def on input line 105.
(/usr/share/texlive/texmf-dist/tex/latex/graphics-def/pdftex.def
File: pdftex.def 2018/01/08 v1.0l Graphics/color driver for pdftex
))
\Gin@req@height=\dimen135
\Gin@req@width=\dimen136
) (/usr/share/texlive/texmf-dist/tex/latex/l3backend/l3backend-pdfmode.def
File: l3backend-pdfmode.def 2020-03-12 L3 backend support: PDF mode
\l__kernel_color_stack_int=\count175
\l__pdf_internal_box=\box45
) (./getTable_sm.aux)
\openout1 = `getTable_sm.aux'.

LaTeX Font Info:    Checking defaults for OML/cmm/m/it on input line 3.
LaTeX Font Info:    ... okay on input line 3.
LaTeX Font Info:    Checking defaults for OMS/cmsy/m/n on input line 3.
LaTeX Font Info:    ... okay on input line 3.
LaTeX Font Info:    Checking defaults for OT1/cmr/m/n on input line 3.
LaTeX Font Info:    ... okay on input line 3.
LaTeX Font Info:    Checking defaults for T1/cmr/m/n on input line 3.
LaTeX Font Info:    ... okay on input line 3.
LaTeX Font Info:    Checking defaults for TS1/cmr/m/n on input line 3.
LaTeX Font Info:    ... okay on input line 3.
LaTeX Font Info:    Checking defaults for OMX/cmex/m/n on input line 3.
LaTeX Font Info:    ... okay on input line 3.
LaTeX Font Info:    Checking defaults for U/cmr/m/n on input line 3.
LaTeX Font Info:    ... okay on input line 3.
(/usr/share/texlive/texmf-dist/tex/context/base/mkii/supp-pdf.mkii
[Loading MPS to PDF converter (version 2006.09.02).]
\scratchcounter=\count176
\scratchdimen=\dimen137
\scratchbox=\box46
\nofMPsegments=\count177
\nofMParguments=\count178
\everyMPshowfont=\toks16
\MPscratchCnt=\count179
\MPscratchDim=\dimen138
\MPnumerator=\count180
\makeMPintoPDFobject=\count181
\everyMPtoPDFconversion=\toks17
) (/usr/share/texlive/texmf-dist/tex/latex/epstopdf-pkg/epstopdf-base.sty
Package: epstopdf-base 2020-01-24 v2.11 Base part for package epstopdf
Package epstopdf-base Info: Redefining graphics rule for `.eps' on input line 4
85.
(/usr/share/texlive/texmf-dist/tex/latex/latexconfig/epstopdf-sys.cfg
File: epstopdf-sys.cfg 2010/07/13 v1.3 Configuration of (r)epstopdf for TeX Liv
e
))
LaTeX Font Info:    External font `cmex10' loaded for size
(Font)              <5> on input line 9.
! Missing $ inserted.
<inserted text> 
                $
l.48 ... branching KU obs (exp) & 2.0 (2.8) \times
                                                   10^{-5} & \\
I've inserted a begin-math/end-math symbol since I think
you left one out. Proceed, with fingers crossed.

! Extra }, or forgotten $.
<template> \unskip \hfil }
                          \hskip \tabcolsep \hskip -.5\arrayrulewidth \vrule...
l.48 ... KU obs (exp) & 2.0 (2.8) \times 10^{-5} &
                                                   \\
I've deleted a group-closing symbol because it seems to be
spurious, as in `$x}$'. But perhaps the } is legitimate and
you forgot something else, as in `\hbox{$x}'. In such cases
the way to recover is to insert both the forgotten and the
deleted material, e.g., by typing `I$}'.

! Missing $ inserted.
<inserted text> 
                $
l.48 ... KU obs (exp) & 2.0 (2.8) \times 10^{-5} &
                                                   \\
I've inserted a begin-math/end-math symbol since I think
you left one out. Proceed, with fingers crossed.

! Missing } inserted.
<inserted text> 
                }
l.48 ... KU obs (exp) & 2.0 (2.8) \times 10^{-5} &
                                                   \\
I've inserted something that you may have forgotten.
(See the <inserted text> above.)
With luck, this will get me unwedged. But if you
really didn't forget anything, try typing `2' now; then
my insertion and my current dilemma will both disappear.

! Missing $ inserted.
<inserted text> 
                $
l.49 ... branching KC obs (exp) & 4.1 (2.8) \times
                                                   10^{-4} & \\
I've inserted a begin-math/end-math symbol since I think
you left one out. Proceed, with fingers crossed.

! Extra }, or forgotten $.
<template> \unskip \hfil }
                          \hskip \tabcolsep \hskip -.5\arrayrulewidth \vrule...
l.49 ... KC obs (exp) & 4.1 (2.8) \times 10^{-4} &
                                                   \\
I've deleted a group-closing symbol because it seems to be
spurious, as in `$x}$'. But perhaps the } is legitimate and
you forgot something else, as in `\hbox{$x}'. In such cases
the way to recover is to insert both the forgotten and the
deleted material, e.g., by typing `I$}'.

! Missing $ inserted.
<inserted text> 
                $
l.49 ... KC obs (exp) & 4.1 (2.8) \times 10^{-4} &
                                                   \\
I've inserted a begin-math/end-math symbol since I think
you left one out. Proceed, with fingers crossed.

! Missing } inserted.
<inserted text> 
                }
l.49 ... KC obs (exp) & 4.1 (2.8) \times 10^{-4} &
                                                   \\
I've inserted something that you may have forgotten.
(See the <inserted text> above.)
With luck, this will get me unwedged. But if you
really didn't forget anything, try typing `2' now; then
my insertion and my current dilemma will both disappear.

[1

{/usr/share/texlive/texmf-dist/fonts/map/pdftex/updmap/pdftex.map}]
! Missing endcsname inserted.
<to be read again> 
                   protect 
l.56 ...newidth]{BurnInStudysmTheta\_chain\_1.png}
                                                  
The control sequence marked <to be read again> should
not appear between \csname and \endcsname.

! Undefined control sequence.
GenericError  ...                                 
                                                    #4  errhelp @err@       ...
l.56 ...newidth]{BurnInStudysmTheta\_chain\_1.png}
                                                  
The control sequence at the end of the top line
of your error message was never \def'ed. If you have
misspelled it (e.g., `\hobx'), type `I' and the correct
spelling (e.g., `I\hbox'). Otherwise just continue,
and I'll forget about whatever was undefined.

! Undefined control sequence.
GenericError  ...                                 
                                                  let @err@                 ...
l.56 ...newidth]{BurnInStudysmTheta\_chain\_1.png}
                                                  
The control sequence at the end of the top line
of your error message was never \def'ed. If you have
misspelled it (e.g., `\hobx'), type `I' and the correct
spelling (e.g., `I\hbox'). Otherwise just continue,
and I'll forget about whatever was undefined.

! Undefined control sequence.
GenericError  ...                                 
                                                  @empty def MessageBreak  
...
l.56 ...newidth]{BurnInStudysmTheta\_chain\_1.png}
                                                  
The control sequence at the end of the top line
of your error message was never \def'ed. If you have
misspelled it (e.g., `\hobx'), type `I' and the correct
spelling (e.g., `I\hbox'). Otherwise just continue,
and I'll forget about whatever was undefined.

! Undefined control sequence.
GenericError  ...                                 
                                                    #4  errhelp @err@       ...
l.56 ...newidth]{BurnInStudysmTheta\_chain\_1.png}
                                                  
The control sequence at the end of the top line
of your error message was never \def'ed. If you have
misspelled it (e.g., `\hobx'), type `I' and the correct
spelling (e.g., `I\hbox'). Otherwise just continue,
and I'll forget about whatever was undefined.

! Undefined control sequence.
GenericError  ...                                 
                                                  let @err@                 ...
l.56 ...newidth]{BurnInStudysmTheta\_chain\_1.png}
                                                  
The control sequence at the end of the top line
of your error message was never \def'ed. If you have
misspelled it (e.g., `\hobx'), type `I' and the correct
spelling (e.g., `I\hbox'). Otherwise just continue,
and I'll forget about whatever was undefined.

! Undefined control sequence.
GenericError  ...                                 
                                                  @empty def MessageBreak  
...
l.56 ...newidth]{BurnInStudysmTheta\_chain\_1.png}
                                                  
The control sequence at the end of the top line
of your error message was never \def'ed. If you have
misspelled it (e.g., `\hobx'), type `I' and the correct
spelling (e.g., `I\hbox'). Otherwise just continue,
and I'll forget about whatever was undefined.

! Undefined control sequence.
GenericError  ...                                 
                                                    #4  errhelp @err@       ...
l.56 ...newidth]{BurnInStudysmTheta\_chain\_1.png}
                                                  
The control sequence at the end of the top line
of your error message was never \def'ed. If you have
misspelled it (e.g., `\hobx'), type `I' and the correct
spelling (e.g., `I\hbox'). Otherwise just continue,
and I'll forget about whatever was undefined.

! Undefined control sequence.
GenericError  ...                                 
                                                  let @err@                 ...
l.56 ...newidth]{BurnInStudysmTheta\_chain\_1.png}
                                                  
The control sequence at the end of the top line
of your error message was never \def'ed. If you have
misspelled it (e.g., `\hobx'), type `I' and the correct
spelling (e.g., `I\hbox'). Otherwise just continue,
and I'll forget about whatever was undefined.

! Undefined control sequence.
GenericError  ...                                 
                                                  @empty def MessageBreak  
...
l.56 ...newidth]{BurnInStudysmTheta\_chain\_1.png}
                                                  
The control sequence at the end of the top line
of your error message was never \def'ed. If you have
misspelled it (e.g., `\hobx'), type `I' and the correct
spelling (e.g., `I\hbox'). Otherwise just continue,
and I'll forget about whatever was undefined.

! Undefined control sequence.
GenericError  ...                                 
                                                    #4  errhelp @err@       ...
l.56 ...newidth]{BurnInStudysmTheta\_chain\_1.png}
                                                  
The control sequence at the end of the top line
of your error message was never \def'ed. If you have
misspelled it (e.g., `\hobx'), type `I' and the correct
spelling (e.g., `I\hbox'). Otherwise just continue,
and I'll forget about whatever was undefined.

! Undefined control sequence.
GenericError  ...                                 
                                                  let @err@                 ...
l.56 ...newidth]{BurnInStudysmTheta\_chain\_1.png}
                                                  
The control sequence at the end of the top line
of your error message was never \def'ed. If you have
misspelled it (e.g., `\hobx'), type `I' and the correct
spelling (e.g., `I\hbox'). Otherwise just continue,
and I'll forget about whatever was undefined.

! Undefined control sequence.
GenericError  ...                                 
                                                  @empty def MessageBreak  
...
l.56 ...newidth]{BurnInStudysmTheta\_chain\_1.png}
                                                  
The control sequence at the end of the top line
of your error message was never \def'ed. If you have
misspelled it (e.g., `\hobx'), type `I' and the correct
spelling (e.g., `I\hbox'). Otherwise just continue,
and I'll forget about whatever was undefined.

! Undefined control sequence.
GenericError  ...                                 
                                                    #4  errhelp @err@       ...
l.56 ...newidth]{BurnInStudysmTheta\_chain\_1.png}
                                                  
The control sequence at the end of the top line
of your error message was never \def'ed. If you have
misspelled it (e.g., `\hobx'), type `I' and the correct
spelling (e.g., `I\hbox'). Otherwise just continue,
and I'll forget about whatever was undefined.

! Undefined control sequence.
GenericError  ...                                 
                                                  let @err@                 ...
l.56 ...newidth]{BurnInStudysmTheta\_chain\_1.png}
                                                  
The control sequence at the end of the top line
of your error message was never \def'ed. If you have
misspelled it (e.g., `\hobx'), type `I' and the correct
spelling (e.g., `I\hbox'). Otherwise just continue,
and I'll forget about whatever was undefined.

! Undefined control sequence.
GenericError  ...                                 
                                                  @empty def MessageBreak  
...
l.56 ...newidth]{BurnInStudysmTheta\_chain\_1.png}
                                                  
The control sequence at the end of the top line
of your error message was never \def'ed. If you have
misspelled it (e.g., `\hobx'), type `I' and the correct
spelling (e.g., `I\hbox'). Otherwise just continue,
and I'll forget about whatever was undefined.

! Undefined control sequence.
GenericError  ...                                 
                                                    #4  errhelp @err@       ...
l.56 ...newidth]{BurnInStudysmTheta\_chain\_1.png}
                                                  
The control sequence at the end of the top line
of your error message was never \def'ed. If you have
misspelled it (e.g., `\hobx'), type `I' and the correct
spelling (e.g., `I\hbox'). Otherwise just continue,
and I'll forget about whatever was undefined.

! Undefined control sequence.
GenericError  ...                                 
                                                  let @err@                 ...
l.56 ...newidth]{BurnInStudysmTheta\_chain\_1.png}
                                                  
The control sequence at the end of the top line
of your error message was never \def'ed. If you have
misspelled it (e.g., `\hobx'), type `I' and the correct
spelling (e.g., `I\hbox'). Otherwise just continue,
and I'll forget about whatever was undefined.

! Undefined control sequence.
GenericError  ...                                 
                                                  @empty def MessageBreak  
...
l.56 ...newidth]{BurnInStudysmTheta\_chain\_1.png}
                                                  
The control sequence at the end of the top line
of your error message was never \def'ed. If you have
misspelled it (e.g., `\hobx'), type `I' and the correct
spelling (e.g., `I\hbox'). Otherwise just continue,
and I'll forget about whatever was undefined.

! Undefined control sequence.
GenericError  ...                                 
                                                    #4  errhelp @err@       ...
l.56 ...newidth]{BurnInStudysmTheta\_chain\_1.png}
                                                  
The control sequence at the end of the top line
of your error message was never \def'ed. If you have
misspelled it (e.g., `\hobx'), type `I' and the correct
spelling (e.g., `I\hbox'). Otherwise just continue,
and I'll forget about whatever was undefined.

! Undefined control sequence.
GenericError  ...                                 
                                                  let @err@                 ...
l.56 ...newidth]{BurnInStudysmTheta\_chain\_1.png}
                                                  
The control sequence at the end of the top line
of your error message was never \def'ed. If you have
misspelled it (e.g., `\hobx'), type `I' and the correct
spelling (e.g., `I\hbox'). Otherwise just continue,
and I'll forget about whatever was undefined.

! Undefined control sequence.
GenericError  ...                                 
                                                  @empty def MessageBreak  
...
l.56 ...newidth]{BurnInStudysmTheta\_chain\_1.png}
                                                  
The control sequence at the end of the top line
of your error message was never \def'ed. If you have
misspelled it (e.g., `\hobx'), type `I' and the correct
spelling (e.g., `I\hbox'). Otherwise just continue,
and I'll forget about whatever was undefined.

! Undefined control sequence.
GenericError  ...                                 
                                                    #4  errhelp @err@       ...
l.56 ...newidth]{BurnInStudysmTheta\_chain\_1.png}
                                                  
The control sequence at the end of the top line
of your error message was never \def'ed. If you have
misspelled it (e.g., `\hobx'), type `I' and the correct
spelling (e.g., `I\hbox'). Otherwise just continue,
and I'll forget about whatever was undefined.

! Undefined control sequence.
GenericError  ...                                 
                                                  let @err@                 ...
l.56 ...newidth]{BurnInStudysmTheta\_chain\_1.png}
                                                  
The control sequence at the end of the top line
of your error message was never \def'ed. If you have
misspelled it (e.g., `\hobx'), type `I' and the correct
spelling (e.g., `I\hbox'). Otherwise just continue,
and I'll forget about whatever was undefined.

! Undefined control sequence.
GenericError  ...                                 
                                                  @empty def MessageBreak  
...
l.56 ...newidth]{BurnInStudysmTheta\_chain\_1.png}
                                                  
The control sequence at the end of the top line
of your error message was never \def'ed. If you have
misspelled it (e.g., `\hobx'), type `I' and the correct
spelling (e.g., `I\hbox'). Otherwise just continue,
and I'll forget about whatever was undefined.

! Undefined control sequence.
GenericError  ...                                 
                                                    #4  errhelp @err@       ...
l.56 ...newidth]{BurnInStudysmTheta\_chain\_1.png}
                                                  
The control sequence at the end of the top line
of your error message was never \def'ed. If you have
misspelled it (e.g., `\hobx'), type `I' and the correct
spelling (e.g., `I\hbox'). Otherwise just continue,
and I'll forget about whatever was undefined.

! Undefined control sequence.
GenericError  ...                                 
                                                  let @err@                 ...
l.56 ...newidth]{BurnInStudysmTheta\_chain\_1.png}
                                                  
The control sequence at the end of the top line
of your error message was never \def'ed. If you have
misspelled it (e.g., `\hobx'), type `I' and the correct
spelling (e.g., `I\hbox'). Otherwise just continue,
and I'll forget about whatever was undefined.

! Undefined control sequence.
GenericError  ...                                 
                                                  @empty def MessageBreak  
...
l.56 ...newidth]{BurnInStudysmTheta\_chain\_1.png}
                                                  
The control sequence at the end of the top line
of your error message was never \def'ed. If you have
misspelled it (e.g., `\hobx'), type `I' and the correct
spelling (e.g., `I\hbox'). Otherwise just continue,
and I'll forget about whatever was undefined.

! Undefined control sequence.
GenericError  ...                                 
                                                    #4  errhelp @err@       ...
l.56 ...newidth]{BurnInStudysmTheta\_chain\_1.png}
                                                  
The control sequence at the end of the top line
of your error message was never \def'ed. If you have
misspelled it (e.g., `\hobx'), type `I' and the correct
spelling (e.g., `I\hbox'). Otherwise just continue,
and I'll forget about whatever was undefined.

! Undefined control sequence.
GenericError  ...                                 
                                                  let @err@                 ...
l.56 ...newidth]{BurnInStudysmTheta\_chain\_1.png}
                                                  
The control sequence at the end of the top line
of your error message was never \def'ed. If you have
misspelled it (e.g., `\hobx'), type `I' and the correct
spelling (e.g., `I\hbox'). Otherwise just continue,
and I'll forget about whatever was undefined.

! Undefined control sequence.
GenericError  ...                                 
                                                  @empty def MessageBreak  
...
l.56 ...newidth]{BurnInStudysmTheta\_chain\_1.png}
                                                  
The control sequence at the end of the top line
of your error message was never \def'ed. If you have
misspelled it (e.g., `\hobx'), type `I' and the correct
spelling (e.g., `I\hbox'). Otherwise just continue,
and I'll forget about whatever was undefined.

! Undefined control sequence.
GenericError  ...                                 
                                                    #4  errhelp @err@       ...
l.56 ...newidth]{BurnInStudysmTheta\_chain\_1.png}
                                                  
The control sequence at the end of the top line
of your error message was never \def'ed. If you have
misspelled it (e.g., `\hobx'), type `I' and the correct
spelling (e.g., `I\hbox'). Otherwise just continue,
and I'll forget about whatever was undefined.

! Undefined control sequence.
GenericError  ...                                 
                                                  let @err@                 ...
l.56 ...newidth]{BurnInStudysmTheta\_chain\_1.png}
                                                  
The control sequence at the end of the top line
of your error message was never \def'ed. If you have
misspelled it (e.g., `\hobx'), type `I' and the correct
spelling (e.g., `I\hbox'). Otherwise just continue,
and I'll forget about whatever was undefined.

! Undefined control sequence.
GenericError  ...                                 
                                                  @empty def MessageBreak  
...
l.56 ...newidth]{BurnInStudysmTheta\_chain\_1.png}
                                                  
The control sequence at the end of the top line
of your error message was never \def'ed. If you have
misspelled it (e.g., `\hobx'), type `I' and the correct
spelling (e.g., `I\hbox'). Otherwise just continue,
and I'll forget about whatever was undefined.

! Undefined control sequence.
GenericError  ...                                 
                                                    #4  errhelp @err@       ...
l.56 ...newidth]{BurnInStudysmTheta\_chain\_1.png}
                                                  
The control sequence at the end of the top line
of your error message was never \def'ed. If you have
misspelled it (e.g., `\hobx'), type `I' and the correct
spelling (e.g., `I\hbox'). Otherwise just continue,
and I'll forget about whatever was undefined.

! Undefined control sequence.
GenericError  ...                                 
                                                  let @err@                 ...
l.56 ...newidth]{BurnInStudysmTheta\_chain\_1.png}
                                                  
The control sequence at the end of the top line
of your error message was never \def'ed. If you have
misspelled it (e.g., `\hobx'), type `I' and the correct
spelling (e.g., `I\hbox'). Otherwise just continue,
and I'll forget about whatever was undefined.

! Undefined control sequence.
GenericError  ...                                 
                                                  @empty def MessageBreak  
...
l.56 ...newidth]{BurnInStudysmTheta\_chain\_1.png}
                                                  
The control sequence at the end of the top line
of your error message was never \def'ed. If you have
misspelled it (e.g., `\hobx'), type `I' and the correct
spelling (e.g., `I\hbox'). Otherwise just continue,
and I'll forget about whatever was undefined.

! Undefined control sequence.
GenericError  ...                                 
                                                    #4  errhelp @err@       ...
l.56 ...newidth]{BurnInStudysmTheta\_chain\_1.png}
                                                  
The control sequence at the end of the top line
of your error message was never \def'ed. If you have
misspelled it (e.g., `\hobx'), type `I' and the correct
spelling (e.g., `I\hbox'). Otherwise just continue,
and I'll forget about whatever was undefined.

! Undefined control sequence.
GenericError  ...                                 
                                                  let @err@                 ...
l.56 ...newidth]{BurnInStudysmTheta\_chain\_1.png}
                                                  
The control sequence at the end of the top line
of your error message was never \def'ed. If you have
misspelled it (e.g., `\hobx'), type `I' and the correct
spelling (e.g., `I\hbox'). Otherwise just continue,
and I'll forget about whatever was undefined.

! Undefined control sequence.
GenericError  ...                                 
                                                  @empty def MessageBreak  
...
l.56 ...newidth]{BurnInStudysmTheta\_chain\_1.png}
                                                  
The control sequence at the end of the top line
of your error message was never \def'ed. If you have
misspelled it (e.g., `\hobx'), type `I' and the correct
spelling (e.g., `I\hbox'). Otherwise just continue,
and I'll forget about whatever was undefined.

! Undefined control sequence.
GenericError  ...                                 
                                                    #4  errhelp @err@       ...
l.56 ...newidth]{BurnInStudysmTheta\_chain\_1.png}
                                                  
The control sequence at the end of the top line
of your error message was never \def'ed. If you have
misspelled it (e.g., `\hobx'), type `I' and the correct
spelling (e.g., `I\hbox'). Otherwise just continue,
and I'll forget about whatever was undefined.

! Undefined control sequence.
GenericError  ...                                 
                                                  let @err@                 ...
l.56 ...newidth]{BurnInStudysmTheta\_chain\_1.png}
                                                  
The control sequence at the end of the top line
of your error message was never \def'ed. If you have
misspelled it (e.g., `\hobx'), type `I' and the correct
spelling (e.g., `I\hbox'). Otherwise just continue,
and I'll forget about whatever was undefined.

! Undefined control sequence.
GenericError  ...                                 
                                                  @empty def MessageBreak  
...
l.56 ...newidth]{BurnInStudysmTheta\_chain\_1.png}
                                                  
The control sequence at the end of the top line
of your error message was never \def'ed. If you have
misspelled it (e.g., `\hobx'), type `I' and the correct
spelling (e.g., `I\hbox'). Otherwise just continue,
and I'll forget about whatever was undefined.

! Undefined control sequence.
GenericError  ...                                 
                                                    #4  errhelp @err@       ...
l.56 ...newidth]{BurnInStudysmTheta\_chain\_1.png}
                                                  
The control sequence at the end of the top line
of your error message was never \def'ed. If you have
misspelled it (e.g., `\hobx'), type `I' and the correct
spelling (e.g., `I\hbox'). Otherwise just continue,
and I'll forget about whatever was undefined.

! Undefined control sequence.
GenericError  ...                                 
                                                  let @err@                 ...
l.56 ...newidth]{BurnInStudysmTheta\_chain\_1.png}
                                                  
The control sequence at the end of the top line
of your error message was never \def'ed. If you have
misspelled it (e.g., `\hobx'), type `I' and the correct
spelling (e.g., `I\hbox'). Otherwise just continue,
and I'll forget about whatever was undefined.

! Undefined control sequence.
GenericError  ...                                 
                                                  @empty def MessageBreak  
...
l.56 ...newidth]{BurnInStudysmTheta\_chain\_1.png}
                                                  
The control sequence at the end of the top line
of your error message was never \def'ed. If you have
misspelled it (e.g., `\hobx'), type `I' and the correct
spelling (e.g., `I\hbox'). Otherwise just continue,
and I'll forget about whatever was undefined.

! Undefined control sequence.
GenericError  ...                                 
                                                    #4  errhelp @err@       ...
l.56 ...newidth]{BurnInStudysmTheta\_chain\_1.png}
                                                  
The control sequence at the end of the top line
of your error message was never \def'ed. If you have
misspelled it (e.g., `\hobx'), type `I' and the correct
spelling (e.g., `I\hbox'). Otherwise just continue,
and I'll forget about whatever was undefined.

! Undefined control sequence.
GenericError  ...                                 
                                                  let @err@                 ...
l.56 ...newidth]{BurnInStudysmTheta\_chain\_1.png}
                                                  
The control sequence at the end of the top line
of your error message was never \def'ed. If you have
misspelled it (e.g., `\hobx'), type `I' and the correct
spelling (e.g., `I\hbox'). Otherwise just continue,
and I'll forget about whatever was undefined.

! Undefined control sequence.
GenericError  ...                                 
                                                  @empty def MessageBreak  
...
l.56 ...newidth]{BurnInStudysmTheta\_chain\_1.png}
                                                  
The control sequence at the end of the top line
of your error message was never \def'ed. If you have
misspelled it (e.g., `\hobx'), type `I' and the correct
spelling (e.g., `I\hbox'). Otherwise just continue,
and I'll forget about whatever was undefined.

! Undefined control sequence.
GenericError  ...                                 
                                                    #4  errhelp @err@       ...
l.56 ...newidth]{BurnInStudysmTheta\_chain\_1.png}
                                                  
The control sequence at the end of the top line
of your error message was never \def'ed. If you have
misspelled it (e.g., `\hobx'), type `I' and the correct
spelling (e.g., `I\hbox'). Otherwise just continue,
and I'll forget about whatever was undefined.

! Undefined control sequence.
GenericError  ...                                 
                                                  let @err@                 ...
l.56 ...newidth]{BurnInStudysmTheta\_chain\_1.png}
                                                  
The control sequence at the end of the top line
of your error message was never \def'ed. If you have
misspelled it (e.g., `\hobx'), type `I' and the correct
spelling (e.g., `I\hbox'). Otherwise just continue,
and I'll forget about whatever was undefined.

! Undefined control sequence.
GenericError  ...                                 
                                                  @empty def MessageBreak  
...
l.56 ...newidth]{BurnInStudysmTheta\_chain\_1.png}
                                                  
The control sequence at the end of the top line
of your error message was never \def'ed. If you have
misspelled it (e.g., `\hobx'), type `I' and the correct
spelling (e.g., `I\hbox'). Otherwise just continue,
and I'll forget about whatever was undefined.

! Undefined control sequence.
GenericError  ...                                 
                                                    #4  errhelp @err@       ...
l.56 ...newidth]{BurnInStudysmTheta\_chain\_1.png}
                                                  
The control sequence at the end of the top line
of your error message was never \def'ed. If you have
misspelled it (e.g., `\hobx'), type `I' and the correct
spelling (e.g., `I\hbox'). Otherwise just continue,
and I'll forget about whatever was undefined.

! Undefined control sequence.
GenericError  ...                                 
                                                  let @err@                 ...
l.56 ...newidth]{BurnInStudysmTheta\_chain\_1.png}
                                                  
The control sequence at the end of the top line
of your error message was never \def'ed. If you have
misspelled it (e.g., `\hobx'), type `I' and the correct
spelling (e.g., `I\hbox'). Otherwise just continue,
and I'll forget about whatever was undefined.

! Undefined control sequence.
GenericError  ...                                 
                                                  @empty def MessageBreak  
...
l.56 ...newidth]{BurnInStudysmTheta\_chain\_1.png}
                                                  
The control sequence at the end of the top line
of your error message was never \def'ed. If you have
misspelled it (e.g., `\hobx'), type `I' and the correct
spelling (e.g., `I\hbox'). Otherwise just continue,
and I'll forget about whatever was undefined.

! Undefined control sequence.
GenericError  ...                                 
                                                    #4  errhelp @err@       ...
l.56 ...newidth]{BurnInStudysmTheta\_chain\_1.png}
                                                  
The control sequence at the end of the top line
of your error message was never \def'ed. If you have
misspelled it (e.g., `\hobx'), type `I' and the correct
spelling (e.g., `I\hbox'). Otherwise just continue,
and I'll forget about whatever was undefined.

! Undefined control sequence.
GenericError  ...                                 
                                                  let @err@                 ...
l.56 ...newidth]{BurnInStudysmTheta\_chain\_1.png}
                                                  
The control sequence at the end of the top line
of your error message was never \def'ed. If you have
misspelled it (e.g., `\hobx'), type `I' and the correct
spelling (e.g., `I\hbox'). Otherwise just continue,
and I'll forget about whatever was undefined.

! Undefined control sequence.
GenericError  ...                                 
                                                  @empty def MessageBreak  
...
l.56 ...newidth]{BurnInStudysmTheta\_chain\_1.png}
                                                  
The control sequence at the end of the top line
of your error message was never \def'ed. If you have
misspelled it (e.g., `\hobx'), type `I' and the correct
spelling (e.g., `I\hbox'). Otherwise just continue,
and I'll forget about whatever was undefined.

! Undefined control sequence.
GenericError  ...                                 
                                                    #4  errhelp @err@       ...
l.56 ...newidth]{BurnInStudysmTheta\_chain\_1.png}
                                                  
The control sequence at the end of the top line
of your error message was never \def'ed. If you have
misspelled it (e.g., `\hobx'), type `I' and the correct
spelling (e.g., `I\hbox'). Otherwise just continue,
and I'll forget about whatever was undefined.

! Undefined control sequence.
GenericError  ...                                 
                                                  let @err@                 ...
l.56 ...newidth]{BurnInStudysmTheta\_chain\_1.png}
                                                  
The control sequence at the end of the top line
of your error message was never \def'ed. If you have
misspelled it (e.g., `\hobx'), type `I' and the correct
spelling (e.g., `I\hbox'). Otherwise just continue,
and I'll forget about whatever was undefined.

! Undefined control sequence.
GenericError  ...                                 
                                                  @empty def MessageBreak  
...
l.56 ...newidth]{BurnInStudysmTheta\_chain\_1.png}
                                                  
The control sequence at the end of the top line
of your error message was never \def'ed. If you have
misspelled it (e.g., `\hobx'), type `I' and the correct
spelling (e.g., `I\hbox'). Otherwise just continue,
and I'll forget about whatever was undefined.

! Undefined control sequence.
GenericError  ...                                 
                                                    #4  errhelp @err@       ...
l.56 ...newidth]{BurnInStudysmTheta\_chain\_1.png}
                                                  
The control sequence at the end of the top line
of your error message was never \def'ed. If you have
misspelled it (e.g., `\hobx'), type `I' and the correct
spelling (e.g., `I\hbox'). Otherwise just continue,
and I'll forget about whatever was undefined.

! Undefined control sequence.
GenericError  ...                                 
                                                  let @err@                 ...
l.56 ...newidth]{BurnInStudysmTheta\_chain\_1.png}
                                                  
The control sequence at the end of the top line
of your error message was never \def'ed. If you have
misspelled it (e.g., `\hobx'), type `I' and the correct
spelling (e.g., `I\hbox'). Otherwise just continue,
and I'll forget about whatever was undefined.

! Undefined control sequence.
GenericError  ...                                 
                                                  @empty def MessageBreak  
...
l.56 ...newidth]{BurnInStudysmTheta\_chain\_1.png}
                                                  
The control sequence at the end of the top line
of your error message was never \def'ed. If you have
misspelled it (e.g., `\hobx'), type `I' and the correct
spelling (e.g., `I\hbox'). Otherwise just continue,
and I'll forget about whatever was undefined.

! Undefined control sequence.
GenericError  ...                                 
                                                    #4  errhelp @err@       ...
l.56 ...newidth]{BurnInStudysmTheta\_chain\_1.png}
                                                  
The control sequence at the end of the top line
of your error message was never \def'ed. If you have
misspelled it (e.g., `\hobx'), type `I' and the correct
spelling (e.g., `I\hbox'). Otherwise just continue,
and I'll forget about whatever was undefined.

! Undefined control sequence.
GenericError  ...                                 
                                                  let @err@                 ...
l.56 ...newidth]{BurnInStudysmTheta\_chain\_1.png}
                                                  
The control sequence at the end of the top line
of your error message was never \def'ed. If you have
misspelled it (e.g., `\hobx'), type `I' and the correct
spelling (e.g., `I\hbox'). Otherwise just continue,
and I'll forget about whatever was undefined.

! Undefined control sequence.
GenericError  ...                                 
                                                  @empty def MessageBreak  
...
l.56 ...newidth]{BurnInStudysmTheta\_chain\_1.png}
                                                  
The control sequence at the end of the top line
of your error message was never \def'ed. If you have
misspelled it (e.g., `\hobx'), type `I' and the correct
spelling (e.g., `I\hbox'). Otherwise just continue,
and I'll forget about whatever was undefined.

! Undefined control sequence.
GenericError  ...                                 
                                                    #4  errhelp @err@       ...
l.56 ...newidth]{BurnInStudysmTheta\_chain\_1.png}
                                                  
The control sequence at the end of the top line
of your error message was never \def'ed. If you have
misspelled it (e.g., `\hobx'), type `I' and the correct
spelling (e.g., `I\hbox'). Otherwise just continue,
and I'll forget about whatever was undefined.

! Undefined control sequence.
GenericError  ...                                 
                                                  let @err@                 ...
l.56 ...newidth]{BurnInStudysmTheta\_chain\_1.png}
                                                  
The control sequence at the end of the top line
of your error message was never \def'ed. If you have
misspelled it (e.g., `\hobx'), type `I' and the correct
spelling (e.g., `I\hbox'). Otherwise just continue,
and I'll forget about whatever was undefined.

! Undefined control sequence.
GenericError  ...                                 
                                                  @empty def MessageBreak  
...
l.56 ...newidth]{BurnInStudysmTheta\_chain\_1.png}
                                                  
The control sequence at the end of the top line
of your error message was never \def'ed. If you have
misspelled it (e.g., `\hobx'), type `I' and the correct
spelling (e.g., `I\hbox'). Otherwise just continue,
and I'll forget about whatever was undefined.

! Undefined control sequence.
GenericError  ...                                 
                                                    #4  errhelp @err@       ...
l.56 ...newidth]{BurnInStudysmTheta\_chain\_1.png}
                                                  
The control sequence at the end of the top line
of your error message was never \def'ed. If you have
misspelled it (e.g., `\hobx'), type `I' and the correct
spelling (e.g., `I\hbox'). Otherwise just continue,
and I'll forget about whatever was undefined.

! Undefined control sequence.
GenericError  ...                                 
                                                  let @err@                 ...
l.56 ...newidth]{BurnInStudysmTheta\_chain\_1.png}
                                                  
The control sequence at the end of the top line
of your error message was never \def'ed. If you have
misspelled it (e.g., `\hobx'), type `I' and the correct
spelling (e.g., `I\hbox'). Otherwise just continue,
and I'll forget about whatever was undefined.

! Undefined control sequence.
GenericError  ...                                 
                                                  @empty def MessageBreak  
...
l.56 ...newidth]{BurnInStudysmTheta\_chain\_1.png}
                                                  
The control sequence at the end of the top line
of your error message was never \def'ed. If you have
misspelled it (e.g., `\hobx'), type `I' and the correct
spelling (e.g., `I\hbox'). Otherwise just continue,
and I'll forget about whatever was undefined.

! Undefined control sequence.
GenericError  ...                                 
                                                    #4  errhelp @err@       ...
l.56 ...newidth]{BurnInStudysmTheta\_chain\_1.png}
                                                  
The control sequence at the end of the top line
of your error message was never \def'ed. If you have
misspelled it (e.g., `\hobx'), type `I' and the correct
spelling (e.g., `I\hbox'). Otherwise just continue,
and I'll forget about whatever was undefined.

! Undefined control sequence.
GenericError  ...                                 
                                                  let @err@                 ...
l.56 ...newidth]{BurnInStudysmTheta\_chain\_1.png}
                                                  
The control sequence at the end of the top line
of your error message was never \def'ed. If you have
misspelled it (e.g., `\hobx'), type `I' and the correct
spelling (e.g., `I\hbox'). Otherwise just continue,
and I'll forget about whatever was undefined.

! Undefined control sequence.
GenericError  ...                                 
                                                  @empty def MessageBreak  
...
l.56 ...newidth]{BurnInStudysmTheta\_chain\_1.png}
                                                  
The control sequence at the end of the top line
of your error message was never \def'ed. If you have
misspelled it (e.g., `\hobx'), type `I' and the correct
spelling (e.g., `I\hbox'). Otherwise just continue,
and I'll forget about whatever was undefined.

! Undefined control sequence.
GenericError  ...                                 
                                                    #4  errhelp @err@       ...
l.56 ...newidth]{BurnInStudysmTheta\_chain\_1.png}
                                                  
The control sequence at the end of the top line
of your error message was never \def'ed. If you have
misspelled it (e.g., `\hobx'), type `I' and the correct
spelling (e.g., `I\hbox'). Otherwise just continue,
and I'll forget about whatever was undefined.

! Undefined control sequence.
GenericError  ...                                 
                                                  let @err@                 ...
l.56 ...newidth]{BurnInStudysmTheta\_chain\_1.png}
                                                  
The control sequence at the end of the top line
of your error message was never \def'ed. If you have
misspelled it (e.g., `\hobx'), type `I' and the correct
spelling (e.g., `I\hbox'). Otherwise just continue,
and I'll forget about whatever was undefined.

! Undefined control sequence.
GenericError  ...                                 
                                                  @empty def MessageBreak  
...
l.56 ...newidth]{BurnInStudysmTheta\_chain\_1.png}
                                                  
The control sequence at the end of the top line
of your error message was never \def'ed. If you have
misspelled it (e.g., `\hobx'), type `I' and the correct
spelling (e.g., `I\hbox'). Otherwise just continue,
and I'll forget about whatever was undefined.

! Undefined control sequence.
GenericError  ...                                 
                                                    #4  errhelp @err@       ...
l.56 ...newidth]{BurnInStudysmTheta\_chain\_1.png}
                                                  
The control sequence at the end of the top line
of your error message was never \def'ed. If you have
misspelled it (e.g., `\hobx'), type `I' and the correct
spelling (e.g., `I\hbox'). Otherwise just continue,
and I'll forget about whatever was undefined.

! Undefined control sequence.
GenericError  ...                                 
                                                  let @err@                 ...
l.56 ...newidth]{BurnInStudysmTheta\_chain\_1.png}
                                                  
The control sequence at the end of the top line
of your error message was never \def'ed. If you have
misspelled it (e.g., `\hobx'), type `I' and the correct
spelling (e.g., `I\hbox'). Otherwise just continue,
and I'll forget about whatever was undefined.

! Undefined control sequence.
GenericError  ...                                 
                                                  @empty def MessageBreak  
...
l.56 ...newidth]{BurnInStudysmTheta\_chain\_1.png}
                                                  
The control sequence at the end of the top line
of your error message was never \def'ed. If you have
misspelled it (e.g., `\hobx'), type `I' and the correct
spelling (e.g., `I\hbox'). Otherwise just continue,
and I'll forget about whatever was undefined.

! Undefined control sequence.
GenericError  ...                                 
                                                    #4  errhelp @err@       ...
l.56 ...newidth]{BurnInStudysmTheta\_chain\_1.png}
                                                  
The control sequence at the end of the top line
of your error message was never \def'ed. If you have
misspelled it (e.g., `\hobx'), type `I' and the correct
spelling (e.g., `I\hbox'). Otherwise just continue,
and I'll forget about whatever was undefined.

! Undefined control sequence.
GenericError  ...                                 
                                                  let @err@                 ...
l.56 ...newidth]{BurnInStudysmTheta\_chain\_1.png}
                                                  
The control sequence at the end of the top line
of your error message was never \def'ed. If you have
misspelled it (e.g., `\hobx'), type `I' and the correct
spelling (e.g., `I\hbox'). Otherwise just continue,
and I'll forget about whatever was undefined.

! Undefined control sequence.
GenericError  ...                                 
                                                  @empty def MessageBreak  
...
l.56 ...newidth]{BurnInStudysmTheta\_chain\_1.png}
                                                  
The control sequence at the end of the top line
of your error message was never \def'ed. If you have
misspelled it (e.g., `\hobx'), type `I' and the correct
spelling (e.g., `I\hbox'). Otherwise just continue,
and I'll forget about whatever was undefined.

! Undefined control sequence.
GenericError  ...                                 
                                                    #4  errhelp @err@       ...
l.56 ...newidth]{BurnInStudysmTheta\_chain\_1.png}
                                                  
The control sequence at the end of the top line
of your error message was never \def'ed. If you have
misspelled it (e.g., `\hobx'), type `I' and the correct
spelling (e.g., `I\hbox'). Otherwise just continue,
and I'll forget about whatever was undefined.

! Undefined control sequence.
GenericError  ...                                 
                                                  let @err@                 ...
l.56 ...newidth]{BurnInStudysmTheta\_chain\_1.png}
                                                  
The control sequence at the end of the top line
of your error message was never \def'ed. If you have
misspelled it (e.g., `\hobx'), type `I' and the correct
spelling (e.g., `I\hbox'). Otherwise just continue,
and I'll forget about whatever was undefined.

! Undefined control sequence.
GenericError  ...                                 
                                                  @empty def MessageBreak  
...
l.56 ...newidth]{BurnInStudysmTheta\_chain\_1.png}
                                                  
The control sequence at the end of the top line
of your error message was never \def'ed. If you have
misspelled it (e.g., `\hobx'), type `I' and the correct
spelling (e.g., `I\hbox'). Otherwise just continue,
and I'll forget about whatever was undefined.

! Undefined control sequence.
GenericError  ...                                 
                                                    #4  errhelp @err@       ...
l.56 ...newidth]{BurnInStudysmTheta\_chain\_1.png}
                                                  
The control sequence at the end of the top line
of your error message was never \def'ed. If you have
misspelled it (e.g., `\hobx'), type `I' and the correct
spelling (e.g., `I\hbox'). Otherwise just continue,
and I'll forget about whatever was undefined.

! Undefined control sequence.
GenericError  ...                                 
                                                  let @err@                 ...
l.56 ...newidth]{BurnInStudysmTheta\_chain\_1.png}
                                                  
The control sequence at the end of the top line
of your error message was never \def'ed. If you have
misspelled it (e.g., `\hobx'), type `I' and the correct
spelling (e.g., `I\hbox'). Otherwise just continue,
and I'll forget about whatever was undefined.

! Undefined control sequence.
GenericError  ...                                 
                                                  @empty def MessageBreak  
...
l.56 ...newidth]{BurnInStudysmTheta\_chain\_1.png}
                                                  
The control sequence at the end of the top line
of your error message was never \def'ed. If you have
misspelled it (e.g., `\hobx'), type `I' and the correct
spelling (e.g., `I\hbox'). Otherwise just continue,
and I'll forget about whatever was undefined.

! Undefined control sequence.
GenericError  ...                                 
                                                    #4  errhelp @err@       ...
l.56 ...newidth]{BurnInStudysmTheta\_chain\_1.png}
                                                  
The control sequence at the end of the top line
of your error message was never \def'ed. If you have
misspelled it (e.g., `\hobx'), type `I' and the correct
spelling (e.g., `I\hbox'). Otherwise just continue,
and I'll forget about whatever was undefined.

! Undefined control sequence.
GenericError  ...                                 
                                                  let @err@                 ...
l.56 ...newidth]{BurnInStudysmTheta\_chain\_1.png}
                                                  
The control sequence at the end of the top line
of your error message was never \def'ed. If you have
misspelled it (e.g., `\hobx'), type `I' and the correct
spelling (e.g., `I\hbox'). Otherwise just continue,
and I'll forget about whatever was undefined.

! Undefined control sequence.
GenericError  ...                                 
                                                  @empty def MessageBreak  
...
l.56 ...newidth]{BurnInStudysmTheta\_chain\_1.png}
                                                  
The control sequence at the end of the top line
of your error message was never \def'ed. If you have
misspelled it (e.g., `\hobx'), type `I' and the correct
spelling (e.g., `I\hbox'). Otherwise just continue,
and I'll forget about whatever was undefined.

! Undefined control sequence.
GenericError  ...                                 
                                                    #4  errhelp @err@       ...
l.56 ...newidth]{BurnInStudysmTheta\_chain\_1.png}
                                                  
The control sequence at the end of the top line
of your error message was never \def'ed. If you have
misspelled it (e.g., `\hobx'), type `I' and the correct
spelling (e.g., `I\hbox'). Otherwise just continue,
and I'll forget about whatever was undefined.

! Undefined control sequence.
GenericError  ...                                 
                                                  let @err@                 ...
l.56 ...newidth]{BurnInStudysmTheta\_chain\_1.png}
                                                  
The control sequence at the end of the top line
of your error message was never \def'ed. If you have
misspelled it (e.g., `\hobx'), type `I' and the correct
spelling (e.g., `I\hbox'). Otherwise just continue,
and I'll forget about whatever was undefined.

! Undefined control sequence.
GenericError  ...                                 
                                                  @empty def MessageBreak  
...
l.56 ...newidth]{BurnInStudysmTheta\_chain\_1.png}
                                                  
The control sequence at the end of the top line
of your error message was never \def'ed. If you have
misspelled it (e.g., `\hobx'), type `I' and the correct
spelling (e.g., `I\hbox'). Otherwise just continue,
and I'll forget about whatever was undefined.

! Undefined control sequence.
GenericError  ...                                 
                                                    #4  errhelp @err@       ...
l.56 ...newidth]{BurnInStudysmTheta\_chain\_1.png}
                                                  
The control sequence at the end of the top line
of your error message was never \def'ed. If you have
misspelled it (e.g., `\hobx'), type `I' and the correct
spelling (e.g., `I\hbox'). Otherwise just continue,
and I'll forget about whatever was undefined.

! Undefined control sequence.
GenericError  ...                                 
                                                  let @err@                 ...
l.56 ...newidth]{BurnInStudysmTheta\_chain\_1.png}
                                                  
The control sequence at the end of the top line
of your error message was never \def'ed. If you have
misspelled it (e.g., `\hobx'), type `I' and the correct
spelling (e.g., `I\hbox'). Otherwise just continue,
and I'll forget about whatever was undefined.

! Undefined control sequence.
GenericError  ...                                 
                                                  @empty def MessageBreak  
...
l.56 ...newidth]{BurnInStudysmTheta\_chain\_1.png}
                                                  
(That makes 100 errors; please try again.) 
Here is how much of TeX's memory you used:
 1130 strings out of 481718
 16691 string characters out of 5926910
 258692 words of memory out of 6000000
 16903 multiletter control sequences out of 15000+600000
 532647 words of font info for 25 fonts, out of 8000000 for 9000
 430 hyphenation exceptions out of 8191
 106i,8n,203p,205b,195s stack positions out of 5000i,500n,10000p,200000b,80000s

!  ==> Fatal error occurred, no output PDF file produced!
